Compiling the C compiler identification source file "CMakeCCompilerId.c" failed.
Compiler: /Library/Developer/CommandLineTools/usr/bin/cc 
Build flags: 
Id flags:  

The output was:
1
ld: library not found for -lSystem
clang: error: linker command failed with exit code 1 (use -v to see invocation)


Compiling the CXX compiler identification source file "CMakeCXXCompilerId.cpp" failed.
Compiler: /Library/Developer/CommandLineTools/usr/bin/c++ 
Build flags: 
Id flags:  

The output was:
1
ld: library not found for -lc++
clang: error: linker command failed with exit code 1 (use -v to see invocation)


Determining if the function IceConnectionNumber exists in the ICE failed with the following output:
Change Dir: /Users/bodya/Desktop/ะก++/AdvancedC++/Sratoslav/Sratoslav/cmake-build-debug/CMakeFiles/CMakeTmp

Run Build Command(s):/usr/bin/make cmTC_cab53/fast && /Library/Developer/CommandLineTools/usr/bin/make  -f CMakeFiles/cmTC_cab53.dir/build.make CMakeFiles/cmTC_cab53.dir/build
Building C object CMakeFiles/cmTC_cab53.dir/CheckFunctionExists.c.o
/Library/Developer/CommandLineTools/usr/bin/cc   -DCHECK_FUNCTION_EXISTS=IceConnectionNumber -isysroot /Library/Developer/CommandLineTools/SDKs/MacOSX10.15.sdk   -o CMakeFiles/cmTC_cab53.dir/CheckFunctionExists.c.o   -c "/Applications/CLion 2.app/Contents/bin/cmake/mac/share/cmake-3.17/Modules/CheckFunctionExists.c"
Linking C executable cmTC_cab53
"/Applications/CLion 2.app/Contents/bin/cmake/mac/bin/cmake" -E cmake_link_script CMakeFiles/cmTC_cab53.dir/link.txt --verbose=1
/Library/Developer/CommandLineTools/usr/bin/cc  -DCHECK_FUNCTION_EXISTS=IceConnectionNumber -isysroot /Library/Developer/CommandLineTools/SDKs/MacOSX10.15.sdk -Wl,-search_paths_first -Wl,-headerpad_max_install_names   CMakeFiles/cmTC_cab53.dir/CheckFunctionExists.c.o  -o cmTC_cab53   -L/usr/local/lib  -Wl,-rpath,/usr/local/lib -lICE 
ld: library not found for -lICE
clang: error: linker command failed with exit code 1 (use -v to see invocation)
make[1]: *** [cmTC_cab53] Error 1
make: *** [cmTC_cab53/fast] Error 2



